<?xml version="1.0" encoding="UTF-8"?>
<!-- Generated by org.testng.reporters.JUnitXMLReporter -->
<testsuite ignored="0" hostname="DESKTOP-361HE37" failures="0" tests="4" name="Default test" time="40.769" errors="0" timestamp="2025-10-03T15:21:52 IST">
  <testcase classname="dsa_sheet_Test.CompanywiseTest" name="clickonsignIN" time="0.6"/>
  <testcase classname="dsa_sheet_Test.CompanywiseTest" name="Login" time="2.781"/>
  <testcase classname="dsa_sheet_Test.CompanywiseTest" name="clickonCompayWiseSheet" time="1.406"/>
  <testcase classname="dsa_sheet_Test.CompanywiseTest" name="clickonCompanies" time="32.394"/>
</testsuite> <!-- Default test -->
