<?xml version="1.0" encoding="UTF-8"?>
<testng-results ignored="0" total="35" passed="35" failed="0" skipped="0">
  <reporter-output>
  </reporter-output>
  <suite started-at="2025-09-24T15:41:58 IST" name="Default suite" finished-at="2025-09-24T15:43:04 IST" duration-ms="66277">
    <groups>
    </groups>
    <test started-at="2025-09-24T15:41:58 IST" name="Default test" finished-at="2025-09-24T15:43:04 IST" duration-ms="66277">
      <class name="dsa_sheet_Test.Profile_edit_Test">
        <test-method is-config="true" signature="launchSheeturl()[pri:0, instance:dsa_sheet_Test.Profile_edit_Test@367ffa75]" started-at="2025-09-24T15:41:58 IST" name="launchSheeturl" finished-at="2025-09-24T15:42:05 IST" duration-ms="6919" status="PASS">
          <reporter-output>
          </reporter-output>
        </test-method> <!-- launchSheeturl -->
        <test-method signature="clickonsignIN()[pri:1, instance:dsa_sheet_Test.Profile_edit_Test@367ffa75]" started-at="2025-09-24T15:42:05 IST" name="clickonsignIN" finished-at="2025-09-24T15:42:08 IST" duration-ms="3034" status="PASS">
          <reporter-output>
          </reporter-output>
        </test-method> <!-- clickonsignIN -->
        <test-method signature="Login()[pri:2, instance:dsa_sheet_Test.Profile_edit_Test@367ffa75]" started-at="2025-09-24T15:42:08 IST" name="Login" finished-at="2025-09-24T15:42:12 IST" duration-ms="3637" status="PASS">
          <reporter-output>
          </reporter-output>
        </test-method> <!-- Login -->
        <test-method signature="openProFile()[pri:3, instance:dsa_sheet_Test.Profile_edit_Test@367ffa75]" started-at="2025-09-24T15:42:12 IST" name="openProFile" finished-at="2025-09-24T15:42:14 IST" duration-ms="1764" status="PASS">
          <reporter-output>
          </reporter-output>
        </test-method> <!-- openProFile -->
        <test-method signature="clickonEditProfile()[pri:4, instance:dsa_sheet_Test.Profile_edit_Test@367ffa75]" started-at="2025-09-24T15:42:14 IST" name="clickonEditProfile" finished-at="2025-09-24T15:42:16 IST" duration-ms="2057" status="PASS">
          <reporter-output>
          </reporter-output>
        </test-method> <!-- clickonEditProfile -->
        <test-method signature="enter_Name()[pri:5, instance:dsa_sheet_Test.Profile_edit_Test@367ffa75]" started-at="2025-09-24T15:42:16 IST" name="enter_Name" finished-at="2025-09-24T15:42:18 IST" duration-ms="2524" status="PASS">
          <reporter-output>
          </reporter-output>
        </test-method> <!-- enter_Name -->
        <test-method signature="enterUserName()[pri:6, instance:dsa_sheet_Test.Profile_edit_Test@367ffa75]" started-at="2025-09-24T15:42:18 IST" name="enterUserName" finished-at="2025-09-24T15:42:21 IST" duration-ms="2383" status="PASS">
          <reporter-output>
          </reporter-output>
        </test-method> <!-- enterUserName -->
        <test-method signature="enter_Mobile_Num()[pri:7, instance:dsa_sheet_Test.Profile_edit_Test@367ffa75]" started-at="2025-09-24T15:42:21 IST" name="enter_Mobile_Num" finished-at="2025-09-24T15:42:23 IST" duration-ms="2525" status="PASS">
          <reporter-output>
          </reporter-output>
        </test-method> <!-- enter_Mobile_Num -->
        <test-method signature="enterBio()[pri:8, instance:dsa_sheet_Test.Profile_edit_Test@367ffa75]" started-at="2025-09-24T15:42:23 IST" name="enterBio" finished-at="2025-09-24T15:42:26 IST" duration-ms="2482" status="PASS">
          <reporter-output>
          </reporter-output>
        </test-method> <!-- enterBio -->
        <test-method signature="enterCodeForce()[pri:9, instance:dsa_sheet_Test.Profile_edit_Test@367ffa75]" started-at="2025-09-24T15:42:26 IST" name="enterCodeForce" finished-at="2025-09-24T15:42:29 IST" duration-ms="3390" status="PASS">
          <reporter-output>
          </reporter-output>
        </test-method> <!-- enterCodeForce -->
        <test-method signature="enterGithubUrl()[pri:10, instance:dsa_sheet_Test.Profile_edit_Test@367ffa75]" started-at="2025-09-24T15:42:29 IST" name="enterGithubUrl" finished-at="2025-09-24T15:42:31 IST" duration-ms="2366" status="PASS">
          <reporter-output>
          </reporter-output>
        </test-method> <!-- enterGithubUrl -->
        <test-method signature="enterLeetCode()[pri:11, instance:dsa_sheet_Test.Profile_edit_Test@367ffa75]" started-at="2025-09-24T15:42:31 IST" name="enterLeetCode" finished-at="2025-09-24T15:42:34 IST" duration-ms="2358" status="PASS">
          <reporter-output>
          </reporter-output>
        </test-method> <!-- enterLeetCode -->
        <test-method signature="enterLinkedin()[pri:12, instance:dsa_sheet_Test.Profile_edit_Test@367ffa75]" started-at="2025-09-24T15:42:34 IST" name="enterLinkedin" finished-at="2025-09-24T15:42:36 IST" duration-ms="2407" status="PASS">
          <reporter-output>
          </reporter-output>
        </test-method> <!-- enterLinkedin -->
        <test-method signature="clickOnInstiution()[pri:13, instance:dsa_sheet_Test.Profile_edit_Test@367ffa75]" started-at="2025-09-24T15:42:36 IST" name="clickOnInstiution" finished-at="2025-09-24T15:42:37 IST" duration-ms="974" status="PASS">
          <reporter-output>
          </reporter-output>
        </test-method> <!-- clickOnInstiution -->
        <test-method signature="select_Degree()[pri:14, instance:dsa_sheet_Test.Profile_edit_Test@367ffa75]" started-at="2025-09-24T15:42:37 IST" name="select_Degree" finished-at="2025-09-24T15:42:40 IST" duration-ms="2715" status="PASS">
          <reporter-output>
          </reporter-output>
        </test-method> <!-- select_Degree -->
        <test-method signature="selectbranch()[pri:15, instance:dsa_sheet_Test.Profile_edit_Test@367ffa75]" started-at="2025-09-24T15:42:40 IST" name="selectbranch" finished-at="2025-09-24T15:42:42 IST" duration-ms="2666" status="PASS">
          <reporter-output>
          </reporter-output>
        </test-method> <!-- selectbranch -->
        <test-method signature="StartedMonth()[pri:16, instance:dsa_sheet_Test.Profile_edit_Test@367ffa75]" started-at="2025-09-24T15:42:42 IST" name="StartedMonth" finished-at="2025-09-24T15:42:43 IST" duration-ms="783" status="PASS">
          <reporter-output>
          </reporter-output>
        </test-method> <!-- StartedMonth -->
        <test-method signature="StartedYear()[pri:17, instance:dsa_sheet_Test.Profile_edit_Test@367ffa75]" started-at="2025-09-24T15:42:43 IST" name="StartedYear" finished-at="2025-09-24T15:42:44 IST" duration-ms="766" status="PASS">
          <reporter-output>
          </reporter-output>
        </test-method> <!-- StartedYear -->
        <test-method signature="endMonth()[pri:18, instance:dsa_sheet_Test.Profile_edit_Test@367ffa75]" started-at="2025-09-24T15:42:44 IST" name="endMonth" finished-at="2025-09-24T15:42:45 IST" duration-ms="766" status="PASS">
          <reporter-output>
          </reporter-output>
        </test-method> <!-- endMonth -->
        <test-method signature="endYear()[pri:19, instance:dsa_sheet_Test.Profile_edit_Test@367ffa75]" started-at="2025-09-24T15:42:45 IST" name="endYear" finished-at="2025-09-24T15:42:46 IST" duration-ms="766" status="PASS">
          <reporter-output>
          </reporter-output>
        </test-method> <!-- endYear -->
        <test-method signature="OpenAnothereduPage()[pri:20, instance:dsa_sheet_Test.Profile_edit_Test@367ffa75]" started-at="2025-09-24T15:42:46 IST" name="OpenAnothereduPage" finished-at="2025-09-24T15:42:46 IST" duration-ms="633" status="PASS">
          <reporter-output>
          </reporter-output>
        </test-method> <!-- OpenAnothereduPage -->
        <test-method signature="closeAnothereduPage()[pri:21, instance:dsa_sheet_Test.Profile_edit_Test@367ffa75]" started-at="2025-09-24T15:42:46 IST" name="closeAnothereduPage" finished-at="2025-09-24T15:42:48 IST" duration-ms="2291" status="PASS">
          <reporter-output>
          </reporter-output>
        </test-method> <!-- closeAnothereduPage -->
        <test-method signature="entertitle()[pri:22, instance:dsa_sheet_Test.Profile_edit_Test@367ffa75]" started-at="2025-09-24T15:42:48 IST" name="entertitle" finished-at="2025-09-24T15:42:50 IST" duration-ms="1383" status="PASS">
          <reporter-output>
          </reporter-output>
        </test-method> <!-- entertitle -->
        <test-method signature="employeeType()[pri:23, instance:dsa_sheet_Test.Profile_edit_Test@367ffa75]" started-at="2025-09-24T15:42:50 IST" name="employeeType" finished-at="2025-09-24T15:42:51 IST" duration-ms="1541" status="PASS">
          <reporter-output>
          </reporter-output>
        </test-method> <!-- employeeType -->
        <test-method signature="enterCompany()[pri:24, instance:dsa_sheet_Test.Profile_edit_Test@367ffa75]" started-at="2025-09-24T15:42:51 IST" name="enterCompany" finished-at="2025-09-24T15:42:52 IST" duration-ms="276" status="PASS">
          <reporter-output>
          </reporter-output>
        </test-method> <!-- enterCompany -->
        <test-method signature="clickonToggle()[pri:25, instance:dsa_sheet_Test.Profile_edit_Test@367ffa75]" started-at="2025-09-24T15:42:52 IST" name="clickonToggle" finished-at="2025-09-24T15:42:52 IST" duration-ms="747" status="PASS">
          <reporter-output>
          </reporter-output>
        </test-method> <!-- clickonToggle -->
        <test-method signature="selectjobStartedmonth()[pri:26, instance:dsa_sheet_Test.Profile_edit_Test@367ffa75]" started-at="2025-09-24T15:42:52 IST" name="selectjobStartedmonth" finished-at="2025-09-24T15:42:54 IST" duration-ms="1827" status="PASS">
          <reporter-output>
          </reporter-output>
        </test-method> <!-- selectjobStartedmonth -->
        <test-method signature="selectjobStartedyear()[pri:27, instance:dsa_sheet_Test.Profile_edit_Test@367ffa75]" started-at="2025-09-24T15:42:54 IST" name="selectjobStartedyear" finished-at="2025-09-24T15:42:56 IST" duration-ms="1261" status="PASS">
          <reporter-output>
          </reporter-output>
        </test-method> <!-- selectjobStartedyear -->
        <test-method signature="selectjobEndmonth()[pri:28, instance:dsa_sheet_Test.Profile_edit_Test@367ffa75]" started-at="2025-09-24T15:42:56 IST" name="selectjobEndmonth" finished-at="2025-09-24T15:42:57 IST" duration-ms="1257" status="PASS">
          <reporter-output>
          </reporter-output>
        </test-method> <!-- selectjobEndmonth -->
        <test-method signature="selectjobendyear()[pri:29, instance:dsa_sheet_Test.Profile_edit_Test@367ffa75]" started-at="2025-09-24T15:42:57 IST" name="selectjobendyear" finished-at="2025-09-24T15:42:58 IST" duration-ms="1244" status="PASS">
          <reporter-output>
          </reporter-output>
        </test-method> <!-- selectjobendyear -->
        <test-method signature="enterlocation()[pri:30, instance:dsa_sheet_Test.Profile_edit_Test@367ffa75]" started-at="2025-09-24T15:42:58 IST" name="enterlocation" finished-at="2025-09-24T15:42:58 IST" duration-ms="322" status="PASS">
          <reporter-output>
          </reporter-output>
        </test-method> <!-- enterlocation -->
        <test-method signature="selectlocationtype()[pri:31, instance:dsa_sheet_Test.Profile_edit_Test@367ffa75]" started-at="2025-09-24T15:42:58 IST" name="selectlocationtype" finished-at="2025-09-24T15:42:59 IST" duration-ms="273" status="PASS">
          <reporter-output>
          </reporter-output>
        </test-method> <!-- selectlocationtype -->
        <test-method signature="clickonanotherexp()[pri:32, instance:dsa_sheet_Test.Profile_edit_Test@367ffa75]" started-at="2025-09-24T15:42:59 IST" name="clickonanotherexp" finished-at="2025-09-24T15:43:00 IST" duration-ms="1417" status="PASS">
          <reporter-output>
          </reporter-output>
        </test-method> <!-- clickonanotherexp -->
        <test-method signature="Uploadresume()[pri:33, instance:dsa_sheet_Test.Profile_edit_Test@367ffa75]" started-at="2025-09-24T15:43:00 IST" name="Uploadresume" finished-at="2025-09-24T15:43:02 IST" duration-ms="2236" status="PASS">
          <reporter-output>
          </reporter-output>
        </test-method> <!-- Uploadresume -->
        <test-method signature="enterSkills()[pri:33, instance:dsa_sheet_Test.Profile_edit_Test@367ffa75]" started-at="2025-09-24T15:43:02 IST" name="enterSkills" finished-at="2025-09-24T15:43:04 IST" duration-ms="1447" status="PASS">
          <reporter-output>
          </reporter-output>
        </test-method> <!-- enterSkills -->
        <test-method signature="clickonsavebutton()[pri:34, instance:dsa_sheet_Test.Profile_edit_Test@367ffa75]" started-at="2025-09-24T15:43:04 IST" name="clickonsavebutton" finished-at="2025-09-24T15:43:04 IST" duration-ms="710" status="PASS">
          <reporter-output>
          </reporter-output>
        </test-method> <!-- clickonsavebutton -->
      </class> <!-- dsa_sheet_Test.Profile_edit_Test -->
    </test> <!-- Default test -->
  </suite> <!-- Default suite -->
</testng-results>
